<?xml version="1.0" encoding="UTF-8"?>
<!-- Generated by org.testng.reporters.JUnitReportReporter -->
<testsuite hostname="LAPTOP-0MQKEL6J" failures="0" tests="1" name="com.cts.test.PhpTest" time="88.368" errors="0" timestamp="07 Apr 2020 06:36:36 GMT" skipped="0">
  <testcase classname="com.cts.test.PhpTest" name="phptravelTest" time="88.368"/>
</testsuite> <!-- com.cts.test.PhpTest -->
